{
  "RSpec": {
    "coverage": {
      "/home/oscarrendon/Documents/edu/coursera/saas/hw2/hw2_rottenpotatoes/app/controllers/application_controller.rb": [
        1,
        1,
        null
      ],
      "/home/oscarrendon/Documents/edu/coursera/saas/hw2/hw2_rottenpotatoes/app/helpers/application_helper.rb": [
        1,
        null
      ],
      "/home/oscarrendon/Documents/edu/coursera/saas/hw2/hw2_rottenpotatoes/app/helpers/movies_helper.rb": [
        1,
        null,
        1,
        0,
        null,
        null,
        1,
        0,
        null,
        null,
        1,
        0,
        null,
        null,
        1,
        0,
        null,
        null
      ],
      "/home/oscarrendon/Documents/edu/coursera/saas/hw2/hw2_rottenpotatoes/app/controllers/movies_controller.rb": [
        1,
        null,
        1,
        0,
        0,
        null,
        null,
        null,
        1,
        0,
        null,
        0,
        0,
        null,
        null,
        0,
        0,
        0,
        null,
        null,
        null,
        0,
        0,
        null,
        0,
        0,
        0,
        null,
        0,
        0,
        null,
        null,
        0,
        0,
        0,
        null,
        0,
        null,
        0,
        0,
        null,
        0,
        null,
        null,
        null,
        1,
        null,
        null,
        null,
        1,
        0,
        0,
        0,
        null,
        null,
        1,
        0,
        null,
        null,
        1,
        0,
        0,
        0,
        0,
        null,
        null,
        1,
        0,
        0,
        0,
        0,
        null,
        null,
        null
      ],
      "/home/oscarrendon/Documents/edu/coursera/saas/hw2/hw2_rottenpotatoes/app/models/movie.rb": [
        1,
        null,
        1,
        0,
        0,
        0,
        null,
        0,
        null,
        null,
        null
      ]
    },
    "timestamp": 1340593853
  },
  "Cucumber Features": {
    "coverage": {
      "/home/oscarrendon/Documents/edu/coursera/saas/hw2/hw2_rottenpotatoes/app/controllers/application_controller.rb": [
        1,
        1,
        null
      ],
      "/home/oscarrendon/Documents/edu/coursera/saas/hw2/hw2_rottenpotatoes/app/helpers/application_helper.rb": [
        1,
        null
      ],
      "/home/oscarrendon/Documents/edu/coursera/saas/hw2/hw2_rottenpotatoes/app/helpers/movies_helper.rb": [
        1,
        null,
        1,
        0,
        null,
        null,
        1,
        24,
        null,
        null,
        1,
        48,
        null,
        null,
        1,
        24,
        null,
        null
      ],
      "/home/oscarrendon/Documents/edu/coursera/saas/hw2/hw2_rottenpotatoes/app/controllers/movies_controller.rb": [
        1,
        null,
        1,
        0,
        0,
        null,
        null,
        null,
        1,
        12,
        null,
        12,
        12,
        null,
        null,
        12,
        5,
        5,
        null,
        null,
        null,
        12,
        12,
        null,
        12,
        0,
        0,
        null,
        0,
        0,
        null,
        null,
        12,
        6,
        2,
        null,
        4,
        null,
        6,
        0,
        null,
        6,
        null,
        null,
        null,
        1,
        null,
        null,
        null,
        1,
        0,
        0,
        0,
        null,
        null,
        1,
        0,
        null,
        null,
        1,
        0,
        0,
        0,
        0,
        null,
        null,
        1,
        0,
        0,
        0,
        0,
        null,
        null,
        null
      ],
      "/home/oscarrendon/Documents/edu/coursera/saas/hw2/hw2_rottenpotatoes/app/models/movie.rb": [
        1,
        null,
        1,
        12,
        12,
        48,
        null,
        12,
        null,
        null,
        null
      ]
    },
    "timestamp": 1340593467
  }
}
