{
  "RSpec": {
    "coverage": {
      "/home/oscarrendon/Documents/edu/coursera/saas/hw2/hw2_rottenpotatoes/app/controllers/application_controller.rb": [
        1,
        1,
        null
      ],
      "/home/oscarrendon/Documents/edu/coursera/saas/hw2/hw2_rottenpotatoes/app/helpers/application_helper.rb": [
        1,
        null
      ],
      "/home/oscarrendon/Documents/edu/coursera/saas/hw2/hw2_rottenpotatoes/app/helpers/movies_helper.rb": [
        1,
        null,
        null,
        null,
        null,
        null,
        null,
        null,
        null,
        1,
        0,
        null,
        null,
        1,
        0,
        null,
        null,
        1,
        0,
        null,
        null
      ],
      "/home/oscarrendon/Documents/edu/coursera/saas/hw2/hw2_rottenpotatoes/app/controllers/movies_controller.rb": [
        1,
        null,
        1,
        0,
        0,
        null,
        null,
        null,
        1,
        0,
        null,
        0,
        0,
        null,
        null,
        0,
        0,
        0,
        null,
        null,
        null,
        0,
        0,
        null,
        0,
        0,
        0,
        null,
        0,
        0,
        null,
        null,
        0,
        0,
        0,
        null,
        0,
        null,
        0,
        0,
        null,
        0,
        null,
        null,
        null,
        1,
        null,
        null,
        null,
        1,
        2,
        2,
        2,
        null,
        null,
        1,
        1,
        null,
        null,
        1,
        3,
        3,
        3,
        3,
        null,
        null,
        1,
        1,
        1,
        1,
        1,
        null,
        null,
        null,
        1,
        4,
        4,
        null,
        4,
        1,
        1,
        null,
        3,
        3,
        null,
        null,
        null,
        null
      ],
      "/home/oscarrendon/Documents/edu/coursera/saas/hw2/hw2_rottenpotatoes/app/models/movie.rb": [
        1,
        null,
        1,
        0,
        0,
        0,
        null,
        0,
        null,
        null,
        null
      ]
    },
    "timestamp": 1340640917
  },
  "Cucumber Features": {
    "coverage": {
      "/home/oscarrendon/Documents/edu/coursera/saas/hw2/hw2_rottenpotatoes/app/controllers/application_controller.rb": [
        1,
        1,
        null
      ],
      "/home/oscarrendon/Documents/edu/coursera/saas/hw2/hw2_rottenpotatoes/app/helpers/application_helper.rb": [
        1,
        null
      ],
      "/home/oscarrendon/Documents/edu/coursera/saas/hw2/hw2_rottenpotatoes/app/helpers/movies_helper.rb": [
        1,
        null,
        null,
        null,
        null,
        null,
        null,
        null,
        null,
        1,
        26,
        null,
        null,
        1,
        50,
        null,
        null,
        1,
        26,
        null,
        null
      ],
      "/home/oscarrendon/Documents/edu/coursera/saas/hw2/hw2_rottenpotatoes/app/controllers/movies_controller.rb": [
        1,
        null,
        1,
        3,
        3,
        null,
        null,
        null,
        1,
        13,
        null,
        13,
        13,
        null,
        null,
        13,
        5,
        5,
        null,
        null,
        null,
        13,
        13,
        null,
        13,
        0,
        0,
        null,
        0,
        0,
        null,
        null,
        13,
        6,
        2,
        null,
        4,
        null,
        7,
        0,
        null,
        7,
        null,
        null,
        null,
        1,
        null,
        null,
        null,
        1,
        0,
        0,
        0,
        null,
        null,
        1,
        1,
        null,
        null,
        1,
        1,
        1,
        1,
        1,
        null,
        null,
        1,
        0,
        0,
        0,
        0,
        null,
        null,
        null,
        1,
        2,
        2,
        null,
        2,
        1,
        1,
        null,
        1,
        1,
        null,
        null,
        null,
        null
      ],
      "/home/oscarrendon/Documents/edu/coursera/saas/hw2/hw2_rottenpotatoes/app/models/movie.rb": [
        1,
        null,
        1,
        13,
        13,
        50,
        null,
        13,
        null,
        null,
        null
      ]
    },
    "timestamp": 1340641031
  }
}
